[+] Containers:
 |- [+] Container: /Game/ThirdPerson/Maps/ThirdPersonMap_2
 |   |- [+] ActorDescs:
 |   |   |- Guid:09C39473456263294BDF4EA2822EF153 BaseClass: NativeClass:/Script/Engine.ExponentialHeightFog Name:ExponentialHeightFog_0 Label:ExponentialHeightFog SpatiallyLoaded:0 Bounds:IsValid=true, Min=(X=-5600.000 Y=-50.000 Z=-6850.000), Max=(X=-5600.000 Y=-50.000 Z=-6850.000) RuntimeGrid:None EditorOnly:0 RuntimeOnly:0 HLODRelevant:0 FolderPath:Lighting FolderGuid:963EC3EB4002CCE9759E2EBA541A873A
 |   |   |- Guid:0B22B8CE40C2565BCFBA8799511FB8AA BaseClass: NativeClass:/Script/Engine.VolumetricCloud Name:VolumetricCloud_0 Label:VolumetricCloud SpatiallyLoaded:0 Bounds:IsValid=true, Min=(X=0.000 Y=0.000 Z=820.000), Max=(X=0.000 Y=0.000 Z=820.000) RuntimeGrid:None EditorOnly:0 RuntimeOnly:0 HLODRelevant:0 FolderPath:Lighting FolderGuid:963EC3EB4002CCE9759E2EBA541A873A
 |   |   |- Guid:242545BE41BC26E6F06B23BFF24F5268 BaseClass: NativeClass:/Script/Engine.TextRenderActor Name:TextRenderActor_1 Label:TextRenderActor SpatiallyLoaded:1 Bounds:IsValid=true, Min=(X=-0.100 Y=1100.000 Z=65.013), Max=(X=-0.100 Y=2392.308 Z=215.013) RuntimeGrid:None EditorOnly:0 RuntimeOnly:0 HLODRelevant:0
 |   |   |- Guid:24F04CA34ABFBC96C8E1BDA5A421E556 BaseClass: NativeClass:/Script/Engine.StaticMeshActor Name:StaticMeshActor_UAID_D8BBC1D6C472B0F901_1840752086 Label:SM_Cube11 SpatiallyLoaded:1 Bounds:IsValid=true, Min=(X=2410.000 Y=1470.000 Z=90.000), Max=(X=2435.000 Y=1795.000 Z=415.000) RuntimeGrid:None EditorOnly:0 RuntimeOnly:0 HLODRelevant:1 FolderPath:Playground FolderGuid:C73F09FC4215536B1DCE2A9E0A830C70
 |   |   |- Guid:2BD251C2430E8E0FF766EF9AA4F03A0C BaseClass:/Game/BluePrint/BP_Death_Trigger.BP_Death_Trigger_C NativeClass:/Script/Engine.Actor Name:BP_Death_Trigger_C_UAID_D8BBC1D6C472AEF901_1503878727 Label:BP_Death_Trigger SpatiallyLoaded:1 Bounds:IsValid=true, Min=(X=2666.000 Y=225.000 Z=-124.000), Max=(X=2794.000 Y=585.750 Z=492.000) RuntimeGrid:None EditorOnly:0 RuntimeOnly:0 HLODRelevant:0
 |   |   |- Guid:2EF461FB45987D40A3CC9CA1486462B1 BaseClass: NativeClass:/Script/Engine.StaticMeshActor Name:StaticMeshActor_UAID_D8BBC1D6C472B0F901_1746729084 Label:SM_Cube9 SpatiallyLoaded:1 Bounds:IsValid=true, Min=(X=2100.000 Y=1470.000 Z=90.000), Max=(X=2125.000 Y=1795.000 Z=415.000) RuntimeGrid:None EditorOnly:0 RuntimeOnly:0 HLODRelevant:1 FolderPath:Playground FolderGuid:C73F09FC4215536B1DCE2A9E0A830C70
 |   |   |- Guid:303598434ED6A0C9A6DAE7982EC0FF7C BaseClass: NativeClass:/Script/Engine.StaticMeshActor Name:StaticMeshActor_34 Label:SM_QuarterCylinder13 SpatiallyLoaded:1 Bounds:IsValid=true, Min=(X=2530.000 Y=220.000 Z=0.000), Max=(X=2730.000 Y=420.000 Z=100.000) RuntimeGrid:None EditorOnly:0 RuntimeOnly:0 HLODRelevant:1 FolderPath:Cylinder FolderGuid:D075E5BA49330D3EC2503D81A7CF88D1
 |   |   |- Guid:33E2EA654D2321DB08B75B9850CB7E7B BaseClass: NativeClass:/Script/Engine.StaticMeshActor Name:StaticMeshActor_5 Label:SM_Cube2 SpatiallyLoaded:1 Bounds:IsValid=true, Min=(X=0.000 Y=0.000 Z=0.000), Max=(X=3000.000 Y=100.000 Z=775.000) RuntimeGrid:None EditorOnly:0 RuntimeOnly:0 HLODRelevant:1 FolderPath:Playground FolderGuid:C73F09FC4215536B1DCE2A9E0A830C70
 |   |   |- Guid:3A81FC984BF7AD8280F3A0A5A9A5D3B1 BaseClass: NativeClass:/Script/Engine.StaticMeshActor Name:StaticMeshActor_1 Label:SM_Cube SpatiallyLoaded:1 Bounds:IsValid=true, Min=(X=0.000 Y=0.000 Z=-50.000), Max=(X=3000.000 Y=3500.000 Z=0.000) RuntimeGrid:None EditorOnly:0 RuntimeOnly:0 HLODRelevant:1 FolderPath:Playground FolderGuid:C73F09FC4215536B1DCE2A9E0A830C70
 |   |   |- Guid:3E01C7F849A73B443DC6C1883CBD84D7 BaseClass: NativeClass:/Script/Engine.StaticMeshActor Name:StaticMeshActor_UAID_D8BBC1D6C472B0F901_2046230104 Label:SM_Cube15 SpatiallyLoaded:1 Bounds:IsValid=true, Min=(X=480.000 Y=1775.000 Z=100.000), Max=(X=780.000 Y=1800.000 Z=200.000) RuntimeGrid:None EditorOnly:0 RuntimeOnly:0 HLODRelevant:1 FolderPath:Playground FolderGuid:C73F09FC4215536B1DCE2A9E0A830C70
 |   |   |- Guid:41ED1E034C00DD5A807D1E9AF3570A32 BaseClass: NativeClass:/Script/Engine.PostProcessVolume Name:PostProcessVolume_0 Label:PostProcessVolume SpatiallyLoaded:0 Bounds:IsValid=true, Min=(X=0.000 Y=0.000 Z=400.000), Max=(X=200.000 Y=200.000 Z=600.000) RuntimeGrid:None EditorOnly:0 RuntimeOnly:0 HLODRelevant:0 FolderPath:Lighting FolderGuid:963EC3EB4002CCE9759E2EBA541A873A
 |   |   |- Guid:45D86C094DB30B88F8709D95E4E927FD BaseClass: NativeClass:/Script/Engine.StaticMeshActor Name:StaticMeshActor_UAID_D8BBC1D6C472B0F901_2067899110 Label:SM_Cube20 SpatiallyLoaded:1 Bounds:IsValid=true, Min=(X=1620.000 Y=2540.000 Z=580.000), Max=(X=1645.000 Y=2865.000 Z=905.000) RuntimeGrid:None EditorOnly:0 RuntimeOnly:0 HLODRelevant:1 FolderPath:Playground FolderGuid:C73F09FC4215536B1DCE2A9E0A830C70
 |   |   |- Guid:4B0C481643394B52AE90DB8B9E2DF9A8 BaseClass: NativeClass:/Script/Engine.WorldDataLayers Name:WorldDataLayers Label:WorldDataLayers SpatiallyLoaded:0 Bounds:IsValid=true, Min=(X=0.000 Y=0.000 Z=0.000), Max=(X=0.000 Y=0.000 Z=0.000) RuntimeGrid:None EditorOnly:0 RuntimeOnly:0 HLODRelevant:0
 |   |   |- Guid:4C2614AE4AB469A07978419A9D9EC24D BaseClass: NativeClass:/Script/Engine.StaticMeshActor Name:StaticMeshActor_UAID_D8BBC1D6C472B1F901_1394926295 Label:SM_Cube28 SpatiallyLoaded:1 Bounds:IsValid=true, Min=(X=2780.000 Y=4310.000 Z=65.000), Max=(X=2905.000 Y=4560.000 Z=90.000) RuntimeGrid:None EditorOnly:0 RuntimeOnly:0 HLODRelevant:1 FolderPath:Playground FolderGuid:C73F09FC4215536B1DCE2A9E0A830C70
 |   |   |- Guid:4DF2BDAF47556BE293B59AB0BF3A7B2C BaseClass: NativeClass:/Script/Engine.StaticMeshActor Name:StaticMeshActor_35 Label:SM_QuarterCylinder14 SpatiallyLoaded:1 Bounds:IsValid=true, Min=(X=2730.000 Y=220.000 Z=0.000), Max=(X=2930.000 Y=420.000 Z=100.000) RuntimeGrid:None EditorOnly:0 RuntimeOnly:0 HLODRelevant:1 FolderPath:Cylinder FolderGuid:D075E5BA49330D3EC2503D81A7CF88D1
 |   |   |- Guid:50EE04914FC8F4F3F02CBAAF16C97631 BaseClass: NativeClass:/Script/Engine.StaticMeshActor Name:StaticMeshActor_UAID_D8BBC1D6C472B0F901_2067897107 Label:SM_Cube17 SpatiallyLoaded:1 Bounds:IsValid=true, Min=(X=1330.000 Y=2845.000 Z=590.000), Max=(X=1630.000 Y=2870.000 Z=690.000) RuntimeGrid:None EditorOnly:0 RuntimeOnly:0 HLODRelevant:1 FolderPath:Playground FolderGuid:C73F09FC4215536B1DCE2A9E0A830C70
 |   |   |- Guid:6124AE3C4B863D253ACFFAA6E1C23F4C BaseClass: NativeClass:/Script/Engine.StaticMeshActor Name:StaticMeshActor_0 Label:SM_Cube5 SpatiallyLoaded:1 Bounds:IsValid=true, Min=(X=-0.000 Y=100.000 Z=0.000), Max=(X=100.000 Y=8475.000 Z=775.000) RuntimeGrid:None EditorOnly:0 RuntimeOnly:0 HLODRelevant:1 FolderPath:Playground FolderGuid:C73F09FC4215536B1DCE2A9E0A830C70
 |   |   |- Guid:614168D34B2FC01D64059D968CD8C799 BaseClass:/Game/BluePrint/BP_Dummy.BP_Dummy_C NativeClass:/Script/Engine.Character Name:BP_Dummy_C_UAID_D8BBC1D6C472B0F901_2067891105 Label:BP_Dummy4 SpatiallyLoaded:1 Bounds:IsValid=true, Min=(X=1397.631 Y=2593.296 Z=586.881), Max=(X=1552.701 Y=2755.009 Z=767.514) RuntimeGrid:None EditorOnly:0 RuntimeOnly:0 HLODRelevant:0
 |   |   |- Guid:6C1AF01641647D106F0C0AA0B24A3312 BaseClass: NativeClass:/Script/Engine.StaticMeshActor Name:StaticMeshActor_UAID_D8BBC1D6C472B0F901_2030354103 Label:SM_Cube14 SpatiallyLoaded:1 Bounds:IsValid=true, Min=(X=770.000 Y=1470.000 Z=90.000), Max=(X=795.000 Y=1795.000 Z=415.000) RuntimeGrid:None EditorOnly:0 RuntimeOnly:0 HLODRelevant:1 FolderPath:Playground FolderGuid:C73F09FC4215536B1DCE2A9E0A830C70
 |   |   |- Guid:7B4D9E4740F8AAADB8025DB7AD6881BA BaseClass: NativeClass:/Script/Engine.StaticMeshActor Name:StaticMeshActor_UAID_D8BBC1D6C472B0F901_2067898109 Label:SM_Cube19 SpatiallyLoaded:1 Bounds:IsValid=true, Min=(X=1270.000 Y=2470.000 Z=910.000), Max=(X=1695.000 Y=2870.000 Z=935.000) RuntimeGrid:None EditorOnly:0 RuntimeOnly:0 HLODRelevant:1 FolderPath:Playground FolderGuid:C73F09FC4215536B1DCE2A9E0A830C70
 |   |   |- Guid:7E63C3DA442D932A511210AE3C1CA60C BaseClass: NativeClass:/Script/Engine.StaticMeshActor Name:StaticMeshActor_UAID_A4AE111137DC5EFB00_1110535423 Label:SM_SkySphere SpatiallyLoaded:0 Bounds:IsValid=true, Min=(X=-1638400.000 Y=-1638400.000 Z=-1638400.000), Max=(X=1638400.000 Y=1638400.000 Z=1638400.000) RuntimeGrid:None EditorOnly:0 RuntimeOnly:0 HLODRelevant:1 FolderPath:Lighting FolderGuid:963EC3EB4002CCE9759E2EBA541A873A
 |   |   |- Guid:7F1E85E4417DC72FDBA10B9086259C06 BaseClass: NativeClass:/Script/Engine.StaticMeshActor Name:StaticMeshActor_UAID_D8BBC1D6C472B1F901_1256982293 Label:SM_Cube27 SpatiallyLoaded:1 Bounds:IsValid=true, Min=(X=2580.000 Y=4930.000 Z=180.000), Max=(X=2680.000 Y=4955.000 Z=355.000) RuntimeGrid:None EditorOnly:0 RuntimeOnly:0 HLODRelevant:1 FolderPath:Playground FolderGuid:C73F09FC4215536B1DCE2A9E0A830C70
 |   |   |- Guid:86E091CC4F3B49F527AF7CBADC9F6E5C BaseClass: NativeClass:/Script/Engine.StaticMeshActor Name:StaticMeshActor_33 Label:SM_QuarterCylinder12 SpatiallyLoaded:1 Bounds:IsValid=true, Min=(X=2530.000 Y=420.000 Z=0.000), Max=(X=2730.000 Y=620.000 Z=100.000) RuntimeGrid:None EditorOnly:0 RuntimeOnly:0 HLODRelevant:1 FolderPath:Cylinder FolderGuid:D075E5BA49330D3EC2503D81A7CF88D1
 |   |   |- Guid:888C343A47FF04694BBFFF9584E95240 BaseClass: NativeClass:/Script/Engine.StaticMeshActor Name:StaticMeshActor_UAID_D8BBC1D6C472B0F901_2111213112 Label:SM_Cube22 SpatiallyLoaded:1 Bounds:IsValid=true, Min=(X=1240.000 Y=2190.000 Z=215.000), Max=(X=1440.000 Y=2540.000 Z=440.000) RuntimeGrid:None EditorOnly:0 RuntimeOnly:0 HLODRelevant:1 FolderPath:Playground FolderGuid:C73F09FC4215536B1DCE2A9E0A830C70
 |   |   |- Guid:899AB1B5405275CBE07EF3B6F2A2C239 BaseClass: NativeClass:/Script/Engine.StaticMeshActor Name:StaticMeshActor_UAID_D8BBC1D6C472B1F901_1132682289 Label:SM_Cube23 SpatiallyLoaded:1 Bounds:IsValid=true, Min=(X=2580.000 Y=4850.000 Z=-25.000), Max=(X=2905.000 Y=5375.000 Z=200.000) RuntimeGrid:None EditorOnly:0 RuntimeOnly:0 HLODRelevant:1 FolderPath:Playground FolderGuid:C73F09FC4215536B1DCE2A9E0A830C70
 |   |   |- Guid:8E326ECE4D422261F168FBAE89AC2325 BaseClass: NativeClass:/Script/Engine.StaticMeshActor Name:StaticMeshActor_UAID_D8BBC1D6C472B0F901_2030350100 Label:SM_Cube7 SpatiallyLoaded:1 Bounds:IsValid=true, Min=(X=390.000 Y=1450.000 Z=-275.000), Max=(X=890.000 Y=1925.000 Z=100.000) RuntimeGrid:None EditorOnly:0 RuntimeOnly:0 HLODRelevant:1 FolderPath:Playground FolderGuid:C73F09FC4215536B1DCE2A9E0A830C70
 |   |   |- Guid:93381B1740DE42E439D11D8ED4D55326 BaseClass:/Game/BluePrint/BP_Dummy.BP_Dummy_C NativeClass:/Script/Engine.Character Name:BP_Dummy_C_UAID_F4C88AACC5E1AAF301_2144327687 Label:BP_Dummy SpatiallyLoaded:1 Bounds:IsValid=true, Min=(X=2187.631 Y=1523.296 Z=96.881), Max=(X=2342.701 Y=1685.009 Z=277.514) RuntimeGrid:None EditorOnly:0 RuntimeOnly:0 HLODRelevant:0
 |   |   |- Guid:96B24C3248C7F7CE571875816EB8DFF3 BaseClass:/Game/BluePrint/BP_Dummy.BP_Dummy_C NativeClass:/Script/Engine.Character Name:BP_Dummy_C_UAID_F4C88AACC5E1BBF301_1443351681 Label:BP_Dummy2 SpatiallyLoaded:1 Bounds:IsValid=true, Min=(X=2333.395 Y=343.395 Z=-3.119), Max=(X=2484.122 Y=476.605 Z=177.514) RuntimeGrid:None EditorOnly:0 RuntimeOnly:0 HLODRelevant:0
 |   |   |- Guid:99A82B8642EBC02DC9ACF6A021341171 BaseClass: NativeClass:/Script/Engine.StaticMeshActor Name:StaticMeshActor_UAID_D8BBC1D6C472B0F901_1730800083 Label:SM_Cube8 SpatiallyLoaded:1 Bounds:IsValid=true, Min=(X=2120.000 Y=1775.000 Z=100.000), Max=(X=2420.000 Y=1800.000 Z=200.000) RuntimeGrid:None EditorOnly:0 RuntimeOnly:0 HLODRelevant:1 FolderPath:Playground FolderGuid:C73F09FC4215536B1DCE2A9E0A830C70
 |   |   |- Guid:9A0FBCC940D3EBCDD78C80A0959C51C1 BaseClass:/Game/BluePrint/BP_Dummy.BP_Dummy_C NativeClass:/Script/Engine.Character Name:BP_Dummy_C_UAID_D8BBC1D6C472B0F901_2030346098 Label:BP_Dummy3 SpatiallyLoaded:1 Bounds:IsValid=true, Min=(X=547.631 Y=1523.296 Z=96.881), Max=(X=702.701 Y=1685.009 Z=277.514) RuntimeGrid:None EditorOnly:0 RuntimeOnly:0 HLODRelevant:0
 |   |   |- Guid:A0436F314B1809D40C9543AA673B51DC BaseClass: NativeClass:/Script/Engine.StaticMeshActor Name:StaticMeshActor_4 Label:SM_Cube6 SpatiallyLoaded:1 Bounds:IsValid=true, Min=(X=2900.000 Y=100.000 Z=0.000), Max=(X=3000.000 Y=9325.000 Z=775.000) RuntimeGrid:None EditorOnly:0 RuntimeOnly:0 HLODRelevant:1 FolderPath:Playground FolderGuid:C73F09FC4215536B1DCE2A9E0A830C70
 |   |   |- Guid:A476CEDE440E54BC856A22BFFA0860FF BaseClass:/Game/BluePrint/BP_Dummy.BP_Dummy_C NativeClass:/Script/Engine.Character Name:BP_Dummy_C_UAID_D8BBC1D6C472B1F901_1586698296 Label:BP_Dummy5 SpatiallyLoaded:1 Bounds:IsValid=true, Min=(X=2647.631 Y=5163.296 Z=196.881), Max=(X=2802.701 Y=5325.009 Z=405.340) RuntimeGrid:None EditorOnly:0 RuntimeOnly:0 HLODRelevant:0
 |   |   |- Guid:A4E8A91942DD659504D242AF6DC4C72F BaseClass: NativeClass:/Script/Engine.StaticMeshActor Name:StaticMeshActor_UAID_D8BBC1D6C472B1F901_1213920291 Label:SM_Cube25 SpatiallyLoaded:1 Bounds:IsValid=true, Min=(X=2800.000 Y=4930.000 Z=180.000), Max=(X=2900.000 Y=4955.000 Z=355.000) RuntimeGrid:None EditorOnly:0 RuntimeOnly:0 HLODRelevant:1 FolderPath:Playground FolderGuid:C73F09FC4215536B1DCE2A9E0A830C70
 |   |   |- Guid:A84BB85E4EFE0B3A1B82EF85343AD3A0 BaseClass: NativeClass:/Script/Engine.StaticMeshActor Name:StaticMeshActor_32 Label:SM_QuarterCylinder11 SpatiallyLoaded:1 Bounds:IsValid=true, Min=(X=2730.000 Y=420.000 Z=-0.000), Max=(X=2930.000 Y=620.000 Z=100.000) RuntimeGrid:None EditorOnly:0 RuntimeOnly:0 HLODRelevant:1 FolderPath:Cylinder FolderGuid:D075E5BA49330D3EC2503D81A7CF88D1
 |   |   |- Guid:AC1274F944E0D2395CC9C3A86AEF97CC BaseClass:/Game/BluePrint/BP_Death_Trigger_2.BP_Death_Trigger_2_C NativeClass:/Script/Engine.Actor Name:BP_Death_Trigger_2_C_UAID_D8BBC1D6C472B1F901_1837097297 Label:BP_Death_Trigger_2 SpatiallyLoaded:1 Bounds:IsValid=true, Min=(X=1738.000 Y=3098.000 Z=8.000), Max=(X=1802.000 Y=3162.000 Z=72.000) RuntimeGrid:None EditorOnly:0 RuntimeOnly:0 HLODRelevant:0
 |   |   |- Guid:B1BF4F7740DEDEE8F7CD3B810CA4FA57 BaseClass: NativeClass:/Script/Engine.StaticMeshActor Name:StaticMeshActor_UAID_D8BBC1D6C472B0F901_2030350099 Label:SM_SkySphere2 SpatiallyLoaded:0 Bounds:IsValid=true, Min=(X=-1640040.000 Y=-1638400.000 Z=-1638400.000), Max=(X=1636760.000 Y=1638400.000 Z=1638400.000) RuntimeGrid:None EditorOnly:0 RuntimeOnly:0 HLODRelevant:1 FolderPath:Lighting FolderGuid:963EC3EB4002CCE9759E2EBA541A873A
 |   |   |- Guid:B55FA77E49EB99AE2C4E1FB0B730D300 BaseClass: NativeClass:/Script/Engine.StaticMeshActor Name:StaticMeshActor_UAID_D8BBC1D6C472B0F901_2030352101 Label:SM_Cube12 SpatiallyLoaded:1 Bounds:IsValid=true, Min=(X=460.000 Y=1470.000 Z=90.000), Max=(X=485.000 Y=1795.000 Z=415.000) RuntimeGrid:None EditorOnly:0 RuntimeOnly:0 HLODRelevant:1 FolderPath:Playground FolderGuid:C73F09FC4215536B1DCE2A9E0A830C70
 |   |   |- Guid:B8D6BD6141DF6F115A504C80086FB265 BaseClass: NativeClass:/Script/Engine.DirectionalLight Name:DirectionalLight_0 Label:DirectionalLight SpatiallyLoaded:0 Bounds:IsValid=true, Min=(X=-4398046511104.000 Y=-4398046511104.000 Z=-4398046511104.000), Max=(X=4398046511104.000 Y=4398046511104.000 Z=4398046511104.000) RuntimeGrid:None EditorOnly:0 RuntimeOnly:0 HLODRelevant:0 FolderPath:Lighting FolderGuid:963EC3EB4002CCE9759E2EBA541A873A
 |   |   |- Guid:BA063D4E4DCC23D74B908EBAEE8AA54C BaseClass: NativeClass:/Script/Engine.StaticMeshActor Name:StaticMeshActor_UAID_D8BBC1D6C472B0F901_2067896106 Label:SM_Cube16 SpatiallyLoaded:1 Bounds:IsValid=true, Min=(X=1240.000 Y=2520.000 Z=-85.000), Max=(X=1740.000 Y=2870.000 Z=590.000) RuntimeGrid:None EditorOnly:0 RuntimeOnly:0 HLODRelevant:1 FolderPath:Playground FolderGuid:C73F09FC4215536B1DCE2A9E0A830C70
 |   |   |- Guid:BAA1E00F4CA7C0E03737AEBA380DD148 BaseClass: NativeClass:/Script/Engine.SkyLight Name:SkyLight_1 Label:SkyLight SpatiallyLoaded:0 Bounds:IsValid=true, Min=(X=0.000 Y=0.000 Z=690.000), Max=(X=0.000 Y=0.000 Z=690.000) RuntimeGrid:None EditorOnly:0 RuntimeOnly:0 HLODRelevant:0 FolderPath:Lighting FolderGuid:963EC3EB4002CCE9759E2EBA541A873A
 |   |   |- Guid:BF4E8C084128E71343B138859F6A26F0 BaseClass: NativeClass:/Script/Engine.StaticMeshActor Name:StaticMeshActor_UAID_D8BBC1D6C472B1F901_1370646294 Label:SM_Cube24 SpatiallyLoaded:1 Bounds:IsValid=true, Min=(X=2780.000 Y=3700.000 Z=65.000), Max=(X=2905.000 Y=3950.000 Z=90.000) RuntimeGrid:None EditorOnly:0 RuntimeOnly:0 HLODRelevant:1 FolderPath:Playground FolderGuid:C73F09FC4215536B1DCE2A9E0A830C70
 |   |   |- Guid:CE8E7BB94DDFA483F8BC5B80EDD99E05 BaseClass: NativeClass:/Script/Engine.StaticMeshActor Name:StaticMeshActor_UAID_D8BBC1D6C472B0F901_2067897108 Label:SM_Cube18 SpatiallyLoaded:1 Bounds:IsValid=true, Min=(X=1310.000 Y=2540.000 Z=580.000), Max=(X=1335.000 Y=2865.000 Z=905.000) RuntimeGrid:None EditorOnly:0 RuntimeOnly:0 HLODRelevant:1 FolderPath:Playground FolderGuid:C73F09FC4215536B1DCE2A9E0A830C70
 |   |   |- Guid:D393AE874A7891BDD66DCF95A21E2CB0 BaseClass: NativeClass:/Script/Engine.SkyAtmosphere Name:SkyAtmosphere_0 Label:SkyAtmosphere SpatiallyLoaded:0 Bounds:IsValid=true, Min=(X=0.000 Y=0.000 Z=1020.000), Max=(X=0.000 Y=0.000 Z=1020.000) RuntimeGrid:None EditorOnly:0 RuntimeOnly:0 HLODRelevant:0 FolderPath:Lighting FolderGuid:963EC3EB4002CCE9759E2EBA541A873A
 |   |   |- Guid:E78D74F7475C54FED6006E8B8E74671E BaseClass: NativeClass:/Script/Engine.StaticMeshActor Name:StaticMeshActor_UAID_D8BBC1D6C472B1F901_1221010292 Label:SM_Cube26 SpatiallyLoaded:1 Bounds:IsValid=true, Min=(X=2580.000 Y=4930.000 Z=330.000), Max=(X=2905.000 Y=4955.000 Z=430.000) RuntimeGrid:None EditorOnly:0 RuntimeOnly:0 HLODRelevant:1 FolderPath:Playground FolderGuid:C73F09FC4215536B1DCE2A9E0A830C70
 |   |   |- Guid:E7A638EA408BD9F6B3D297BE75DEC4DF BaseClass: NativeClass:/Script/Engine.PlayerStart Name:PlayerStart_0 Label:PlayerStart SpatiallyLoaded:0 Bounds:IsValid=true, Min=(X=2640.000 Y=3020.000 Z=0.013), Max=(X=2720.000 Y=3100.000 Z=184.013) RuntimeGrid:None EditorOnly:0 RuntimeOnly:0 HLODRelevant:0
 |   |   |- Guid:F5AB6978452B670FD77ED5A16CC03A79 BaseClass: NativeClass:/Script/Engine.StaticMeshActor Name:StaticMeshActor_UAID_D8BBC1D6C472B0F901_2030353102 Label:SM_Cube13 SpatiallyLoaded:1 Bounds:IsValid=true, Min=(X=420.000 Y=1400.000 Z=420.000), Max=(X=845.000 Y=1800.000 Z=445.000) RuntimeGrid:None EditorOnly:0 RuntimeOnly:0 HLODRelevant:1 FolderPath:Playground FolderGuid:C73F09FC4215536B1DCE2A9E0A830C70
 |   |   |- Guid:FB94C3234192F3D50B3A16A484369C86 BaseClass: NativeClass:/Script/Engine.StaticMeshActor Name:StaticMeshActor_UAID_D8BBC1D6C472B0F901_2087448111 Label:SM_Cube21 SpatiallyLoaded:1 Bounds:IsValid=true, Min=(X=1240.000 Y=2190.000 Z=-5.000), Max=(X=1740.000 Y=2540.000 Z=220.000) RuntimeGrid:None EditorOnly:0 RuntimeOnly:0 HLODRelevant:1 FolderPath:Playground FolderGuid:C73F09FC4215536B1DCE2A9E0A830C70
 |   |   |- Guid:FBFF9E644F2EC340143A218D9C117C57 BaseClass: NativeClass:/Script/Engine.StaticMeshActor Name:StaticMeshActor_UAID_D8BBC1D6C472B0F901_1575054081 Label:SM_Cube4 SpatiallyLoaded:1 Bounds:IsValid=true, Min=(X=2030.000 Y=1450.000 Z=-275.000), Max=(X=2530.000 Y=1925.000 Z=100.000) RuntimeGrid:None EditorOnly:0 RuntimeOnly:0 HLODRelevant:1 FolderPath:Playground FolderGuid:C73F09FC4215536B1DCE2A9E0A830C70
 |   |   |- Guid:FF5EC15348ED7E64446BCC9113B2A868 BaseClass: NativeClass:/Script/Engine.StaticMeshActor Name:StaticMeshActor_UAID_D8BBC1D6C472B0F901_1767920085 Label:SM_Cube10 SpatiallyLoaded:1 Bounds:IsValid=true, Min=(X=2060.000 Y=1400.000 Z=420.000), Max=(X=2485.000 Y=1800.000 Z=445.000) RuntimeGrid:None EditorOnly:0 RuntimeOnly:0 HLODRelevant:1 FolderPath:Playground FolderGuid:C73F09FC4215536B1DCE2A9E0A830C70
 |   |- [+] Clusters:
 |   |   |- [+] [  0]
 |   |   |   |- Guid:D393AE874A7891BDD66DCF95A21E2CB0 BaseClass: NativeClass:/Script/Engine.SkyAtmosphere Name:SkyAtmosphere_0 Label:SkyAtmosphere SpatiallyLoaded:0 Bounds:IsValid=true, Min=(X=0.000 Y=0.000 Z=1020.000), Max=(X=0.000 Y=0.000 Z=1020.000) RuntimeGrid:None EditorOnly:0 RuntimeOnly:0 HLODRelevant:0 FolderPath:Lighting FolderGuid:963EC3EB4002CCE9759E2EBA541A873A
 |   |   |- [+] [  1]
 |   |   |   |- Guid:4C2614AE4AB469A07978419A9D9EC24D BaseClass: NativeClass:/Script/Engine.StaticMeshActor Name:StaticMeshActor_UAID_D8BBC1D6C472B1F901_1394926295 Label:SM_Cube28 SpatiallyLoaded:1 Bounds:IsValid=true, Min=(X=2780.000 Y=4310.000 Z=65.000), Max=(X=2905.000 Y=4560.000 Z=90.000) RuntimeGrid:None EditorOnly:0 RuntimeOnly:0 HLODRelevant:1 FolderPath:Playground FolderGuid:C73F09FC4215536B1DCE2A9E0A830C70
 |   |   |- [+] [  2]
 |   |   |   |- Guid:6124AE3C4B863D253ACFFAA6E1C23F4C BaseClass: NativeClass:/Script/Engine.StaticMeshActor Name:StaticMeshActor_0 Label:SM_Cube5 SpatiallyLoaded:1 Bounds:IsValid=true, Min=(X=-0.000 Y=100.000 Z=0.000), Max=(X=100.000 Y=8475.000 Z=775.000) RuntimeGrid:None EditorOnly:0 RuntimeOnly:0 HLODRelevant:1 FolderPath:Playground FolderGuid:C73F09FC4215536B1DCE2A9E0A830C70
 |   |   |- [+] [  3]
 |   |   |   |- Guid:93381B1740DE42E439D11D8ED4D55326 BaseClass:/Game/BluePrint/BP_Dummy.BP_Dummy_C NativeClass:/Script/Engine.Character Name:BP_Dummy_C_UAID_F4C88AACC5E1AAF301_2144327687 Label:BP_Dummy SpatiallyLoaded:1 Bounds:IsValid=true, Min=(X=2187.631 Y=1523.296 Z=96.881), Max=(X=2342.701 Y=1685.009 Z=277.514) RuntimeGrid:None EditorOnly:0 RuntimeOnly:0 HLODRelevant:0
 |   |   |- [+] [  4]
 |   |   |   |- Guid:BF4E8C084128E71343B138859F6A26F0 BaseClass: NativeClass:/Script/Engine.StaticMeshActor Name:StaticMeshActor_UAID_D8BBC1D6C472B1F901_1370646294 Label:SM_Cube24 SpatiallyLoaded:1 Bounds:IsValid=true, Min=(X=2780.000 Y=3700.000 Z=65.000), Max=(X=2905.000 Y=3950.000 Z=90.000) RuntimeGrid:None EditorOnly:0 RuntimeOnly:0 HLODRelevant:1 FolderPath:Playground FolderGuid:C73F09FC4215536B1DCE2A9E0A830C70
 |   |   |- [+] [  5]
 |   |   |   |- Guid:7F1E85E4417DC72FDBA10B9086259C06 BaseClass: NativeClass:/Script/Engine.StaticMeshActor Name:StaticMeshActor_UAID_D8BBC1D6C472B1F901_1256982293 Label:SM_Cube27 SpatiallyLoaded:1 Bounds:IsValid=true, Min=(X=2580.000 Y=4930.000 Z=180.000), Max=(X=2680.000 Y=4955.000 Z=355.000) RuntimeGrid:None EditorOnly:0 RuntimeOnly:0 HLODRelevant:1 FolderPath:Playground FolderGuid:C73F09FC4215536B1DCE2A9E0A830C70
 |   |   |- [+] [  6]
 |   |   |   |- Guid:2BD251C2430E8E0FF766EF9AA4F03A0C BaseClass:/Game/BluePrint/BP_Death_Trigger.BP_Death_Trigger_C NativeClass:/Script/Engine.Actor Name:BP_Death_Trigger_C_UAID_D8BBC1D6C472AEF901_1503878727 Label:BP_Death_Trigger SpatiallyLoaded:1 Bounds:IsValid=true, Min=(X=2666.000 Y=225.000 Z=-124.000), Max=(X=2794.000 Y=585.750 Z=492.000) RuntimeGrid:None EditorOnly:0 RuntimeOnly:0 HLODRelevant:0
 |   |   |- [+] [  7]
 |   |   |   |- Guid:BAA1E00F4CA7C0E03737AEBA380DD148 BaseClass: NativeClass:/Script/Engine.SkyLight Name:SkyLight_1 Label:SkyLight SpatiallyLoaded:0 Bounds:IsValid=true, Min=(X=0.000 Y=0.000 Z=690.000), Max=(X=0.000 Y=0.000 Z=690.000) RuntimeGrid:None EditorOnly:0 RuntimeOnly:0 HLODRelevant:0 FolderPath:Lighting FolderGuid:963EC3EB4002CCE9759E2EBA541A873A
 |   |   |- [+] [  8]
 |   |   |   |- Guid:E78D74F7475C54FED6006E8B8E74671E BaseClass: NativeClass:/Script/Engine.StaticMeshActor Name:StaticMeshActor_UAID_D8BBC1D6C472B1F901_1221010292 Label:SM_Cube26 SpatiallyLoaded:1 Bounds:IsValid=true, Min=(X=2580.000 Y=4930.000 Z=330.000), Max=(X=2905.000 Y=4955.000 Z=430.000) RuntimeGrid:None EditorOnly:0 RuntimeOnly:0 HLODRelevant:1 FolderPath:Playground FolderGuid:C73F09FC4215536B1DCE2A9E0A830C70
 |   |   |- [+] [  9]
 |   |   |   |- Guid:A4E8A91942DD659504D242AF6DC4C72F BaseClass: NativeClass:/Script/Engine.StaticMeshActor Name:StaticMeshActor_UAID_D8BBC1D6C472B1F901_1213920291 Label:SM_Cube25 SpatiallyLoaded:1 Bounds:IsValid=true, Min=(X=2800.000 Y=4930.000 Z=180.000), Max=(X=2900.000 Y=4955.000 Z=355.000) RuntimeGrid:None EditorOnly:0 RuntimeOnly:0 HLODRelevant:1 FolderPath:Playground FolderGuid:C73F09FC4215536B1DCE2A9E0A830C70
 |   |   |- [+] [ 10]
 |   |   |   |- Guid:96B24C3248C7F7CE571875816EB8DFF3 BaseClass:/Game/BluePrint/BP_Dummy.BP_Dummy_C NativeClass:/Script/Engine.Character Name:BP_Dummy_C_UAID_F4C88AACC5E1BBF301_1443351681 Label:BP_Dummy2 SpatiallyLoaded:1 Bounds:IsValid=true, Min=(X=2333.395 Y=343.395 Z=-3.119), Max=(X=2484.122 Y=476.605 Z=177.514) RuntimeGrid:None EditorOnly:0 RuntimeOnly:0 HLODRelevant:0
 |   |   |- [+] [ 11]
 |   |   |   |- Guid:899AB1B5405275CBE07EF3B6F2A2C239 BaseClass: NativeClass:/Script/Engine.StaticMeshActor Name:StaticMeshActor_UAID_D8BBC1D6C472B1F901_1132682289 Label:SM_Cube23 SpatiallyLoaded:1 Bounds:IsValid=true, Min=(X=2580.000 Y=4850.000 Z=-25.000), Max=(X=2905.000 Y=5375.000 Z=200.000) RuntimeGrid:None EditorOnly:0 RuntimeOnly:0 HLODRelevant:1 FolderPath:Playground FolderGuid:C73F09FC4215536B1DCE2A9E0A830C70
 |   |   |- [+] [ 12]
 |   |   |   |- Guid:B8D6BD6141DF6F115A504C80086FB265 BaseClass: NativeClass:/Script/Engine.DirectionalLight Name:DirectionalLight_0 Label:DirectionalLight SpatiallyLoaded:0 Bounds:IsValid=true, Min=(X=-4398046511104.000 Y=-4398046511104.000 Z=-4398046511104.000), Max=(X=4398046511104.000 Y=4398046511104.000 Z=4398046511104.000) RuntimeGrid:None EditorOnly:0 RuntimeOnly:0 HLODRelevant:0 FolderPath:Lighting FolderGuid:963EC3EB4002CCE9759E2EBA541A873A
 |   |   |- [+] [ 13]
 |   |   |   |- Guid:888C343A47FF04694BBFFF9584E95240 BaseClass: NativeClass:/Script/Engine.StaticMeshActor Name:StaticMeshActor_UAID_D8BBC1D6C472B0F901_2111213112 Label:SM_Cube22 SpatiallyLoaded:1 Bounds:IsValid=true, Min=(X=1240.000 Y=2190.000 Z=215.000), Max=(X=1440.000 Y=2540.000 Z=440.000) RuntimeGrid:None EditorOnly:0 RuntimeOnly:0 HLODRelevant:1 FolderPath:Playground FolderGuid:C73F09FC4215536B1DCE2A9E0A830C70
 |   |   |- [+] [ 14]
 |   |   |   |- Guid:FB94C3234192F3D50B3A16A484369C86 BaseClass: NativeClass:/Script/Engine.StaticMeshActor Name:StaticMeshActor_UAID_D8BBC1D6C472B0F901_2087448111 Label:SM_Cube21 SpatiallyLoaded:1 Bounds:IsValid=true, Min=(X=1240.000 Y=2190.000 Z=-5.000), Max=(X=1740.000 Y=2540.000 Z=220.000) RuntimeGrid:None EditorOnly:0 RuntimeOnly:0 HLODRelevant:1 FolderPath:Playground FolderGuid:C73F09FC4215536B1DCE2A9E0A830C70
 |   |   |- [+] [ 15]
 |   |   |   |- Guid:242545BE41BC26E6F06B23BFF24F5268 BaseClass: NativeClass:/Script/Engine.TextRenderActor Name:TextRenderActor_1 Label:TextRenderActor SpatiallyLoaded:1 Bounds:IsValid=true, Min=(X=-0.100 Y=1100.000 Z=65.013), Max=(X=-0.100 Y=2392.308 Z=215.013) RuntimeGrid:None EditorOnly:0 RuntimeOnly:0 HLODRelevant:0
 |   |   |- [+] [ 16]
 |   |   |   |- Guid:4DF2BDAF47556BE293B59AB0BF3A7B2C BaseClass: NativeClass:/Script/Engine.StaticMeshActor Name:StaticMeshActor_35 Label:SM_QuarterCylinder14 SpatiallyLoaded:1 Bounds:IsValid=true, Min=(X=2730.000 Y=220.000 Z=0.000), Max=(X=2930.000 Y=420.000 Z=100.000) RuntimeGrid:None EditorOnly:0 RuntimeOnly:0 HLODRelevant:1 FolderPath:Cylinder FolderGuid:D075E5BA49330D3EC2503D81A7CF88D1
 |   |   |- [+] [ 17]
 |   |   |   |- Guid:45D86C094DB30B88F8709D95E4E927FD BaseClass: NativeClass:/Script/Engine.StaticMeshActor Name:StaticMeshActor_UAID_D8BBC1D6C472B0F901_2067899110 Label:SM_Cube20 SpatiallyLoaded:1 Bounds:IsValid=true, Min=(X=1620.000 Y=2540.000 Z=580.000), Max=(X=1645.000 Y=2865.000 Z=905.000) RuntimeGrid:None EditorOnly:0 RuntimeOnly:0 HLODRelevant:1 FolderPath:Playground FolderGuid:C73F09FC4215536B1DCE2A9E0A830C70
 |   |   |- [+] [ 18]
 |   |   |   |- Guid:A0436F314B1809D40C9543AA673B51DC BaseClass: NativeClass:/Script/Engine.StaticMeshActor Name:StaticMeshActor_4 Label:SM_Cube6 SpatiallyLoaded:1 Bounds:IsValid=true, Min=(X=2900.000 Y=100.000 Z=0.000), Max=(X=3000.000 Y=9325.000 Z=775.000) RuntimeGrid:None EditorOnly:0 RuntimeOnly:0 HLODRelevant:1 FolderPath:Playground FolderGuid:C73F09FC4215536B1DCE2A9E0A830C70
 |   |   |- [+] [ 19]
 |   |   |   |- Guid:3A81FC984BF7AD8280F3A0A5A9A5D3B1 BaseClass: NativeClass:/Script/Engine.StaticMeshActor Name:StaticMeshActor_1 Label:SM_Cube SpatiallyLoaded:1 Bounds:IsValid=true, Min=(X=0.000 Y=0.000 Z=-50.000), Max=(X=3000.000 Y=3500.000 Z=0.000) RuntimeGrid:None EditorOnly:0 RuntimeOnly:0 HLODRelevant:1 FolderPath:Playground FolderGuid:C73F09FC4215536B1DCE2A9E0A830C70
 |   |   |- [+] [ 20]
 |   |   |   |- Guid:09C39473456263294BDF4EA2822EF153 BaseClass: NativeClass:/Script/Engine.ExponentialHeightFog Name:ExponentialHeightFog_0 Label:ExponentialHeightFog SpatiallyLoaded:0 Bounds:IsValid=true, Min=(X=-5600.000 Y=-50.000 Z=-6850.000), Max=(X=-5600.000 Y=-50.000 Z=-6850.000) RuntimeGrid:None EditorOnly:0 RuntimeOnly:0 HLODRelevant:0 FolderPath:Lighting FolderGuid:963EC3EB4002CCE9759E2EBA541A873A
 |   |   |- [+] [ 21]
 |   |   |   |- Guid:7B4D9E4740F8AAADB8025DB7AD6881BA BaseClass: NativeClass:/Script/Engine.StaticMeshActor Name:StaticMeshActor_UAID_D8BBC1D6C472B0F901_2067898109 Label:SM_Cube19 SpatiallyLoaded:1 Bounds:IsValid=true, Min=(X=1270.000 Y=2470.000 Z=910.000), Max=(X=1695.000 Y=2870.000 Z=935.000) RuntimeGrid:None EditorOnly:0 RuntimeOnly:0 HLODRelevant:1 FolderPath:Playground FolderGuid:C73F09FC4215536B1DCE2A9E0A830C70
 |   |   |- [+] [ 22]
 |   |   |   |- Guid:7E63C3DA442D932A511210AE3C1CA60C BaseClass: NativeClass:/Script/Engine.StaticMeshActor Name:StaticMeshActor_UAID_A4AE111137DC5EFB00_1110535423 Label:SM_SkySphere SpatiallyLoaded:0 Bounds:IsValid=true, Min=(X=-1638400.000 Y=-1638400.000 Z=-1638400.000), Max=(X=1638400.000 Y=1638400.000 Z=1638400.000) RuntimeGrid:None EditorOnly:0 RuntimeOnly:0 HLODRelevant:1 FolderPath:Lighting FolderGuid:963EC3EB4002CCE9759E2EBA541A873A
 |   |   |- [+] [ 23]
 |   |   |   |- Guid:4B0C481643394B52AE90DB8B9E2DF9A8 BaseClass: NativeClass:/Script/Engine.WorldDataLayers Name:WorldDataLayers Label:WorldDataLayers SpatiallyLoaded:0 Bounds:IsValid=true, Min=(X=0.000 Y=0.000 Z=0.000), Max=(X=0.000 Y=0.000 Z=0.000) RuntimeGrid:None EditorOnly:0 RuntimeOnly:0 HLODRelevant:0
 |   |   |- [+] [ 24]
 |   |   |   |- Guid:CE8E7BB94DDFA483F8BC5B80EDD99E05 BaseClass: NativeClass:/Script/Engine.StaticMeshActor Name:StaticMeshActor_UAID_D8BBC1D6C472B0F901_2067897108 Label:SM_Cube18 SpatiallyLoaded:1 Bounds:IsValid=true, Min=(X=1310.000 Y=2540.000 Z=580.000), Max=(X=1335.000 Y=2865.000 Z=905.000) RuntimeGrid:None EditorOnly:0 RuntimeOnly:0 HLODRelevant:1 FolderPath:Playground FolderGuid:C73F09FC4215536B1DCE2A9E0A830C70
 |   |   |- [+] [ 25]
 |   |   |   |- Guid:50EE04914FC8F4F3F02CBAAF16C97631 BaseClass: NativeClass:/Script/Engine.StaticMeshActor Name:StaticMeshActor_UAID_D8BBC1D6C472B0F901_2067897107 Label:SM_Cube17 SpatiallyLoaded:1 Bounds:IsValid=true, Min=(X=1330.000 Y=2845.000 Z=590.000), Max=(X=1630.000 Y=2870.000 Z=690.000) RuntimeGrid:None EditorOnly:0 RuntimeOnly:0 HLODRelevant:1 FolderPath:Playground FolderGuid:C73F09FC4215536B1DCE2A9E0A830C70
 |   |   |- [+] [ 26]
 |   |   |   |- Guid:BA063D4E4DCC23D74B908EBAEE8AA54C BaseClass: NativeClass:/Script/Engine.StaticMeshActor Name:StaticMeshActor_UAID_D8BBC1D6C472B0F901_2067896106 Label:SM_Cube16 SpatiallyLoaded:1 Bounds:IsValid=true, Min=(X=1240.000 Y=2520.000 Z=-85.000), Max=(X=1740.000 Y=2870.000 Z=590.000) RuntimeGrid:None EditorOnly:0 RuntimeOnly:0 HLODRelevant:1 FolderPath:Playground FolderGuid:C73F09FC4215536B1DCE2A9E0A830C70
 |   |   |- [+] [ 27]
 |   |   |   |- Guid:E7A638EA408BD9F6B3D297BE75DEC4DF BaseClass: NativeClass:/Script/Engine.PlayerStart Name:PlayerStart_0 Label:PlayerStart SpatiallyLoaded:0 Bounds:IsValid=true, Min=(X=2640.000 Y=3020.000 Z=0.013), Max=(X=2720.000 Y=3100.000 Z=184.013) RuntimeGrid:None EditorOnly:0 RuntimeOnly:0 HLODRelevant:0
 |   |   |- [+] [ 28]
 |   |   |   |- Guid:614168D34B2FC01D64059D968CD8C799 BaseClass:/Game/BluePrint/BP_Dummy.BP_Dummy_C NativeClass:/Script/Engine.Character Name:BP_Dummy_C_UAID_D8BBC1D6C472B0F901_2067891105 Label:BP_Dummy4 SpatiallyLoaded:1 Bounds:IsValid=true, Min=(X=1397.631 Y=2593.296 Z=586.881), Max=(X=1552.701 Y=2755.009 Z=767.514) RuntimeGrid:None EditorOnly:0 RuntimeOnly:0 HLODRelevant:0
 |   |   |- [+] [ 29]
 |   |   |   |- Guid:3E01C7F849A73B443DC6C1883CBD84D7 BaseClass: NativeClass:/Script/Engine.StaticMeshActor Name:StaticMeshActor_UAID_D8BBC1D6C472B0F901_2046230104 Label:SM_Cube15 SpatiallyLoaded:1 Bounds:IsValid=true, Min=(X=480.000 Y=1775.000 Z=100.000), Max=(X=780.000 Y=1800.000 Z=200.000) RuntimeGrid:None EditorOnly:0 RuntimeOnly:0 HLODRelevant:1 FolderPath:Playground FolderGuid:C73F09FC4215536B1DCE2A9E0A830C70
 |   |   |- [+] [ 30]
 |   |   |   |- Guid:9A0FBCC940D3EBCDD78C80A0959C51C1 BaseClass:/Game/BluePrint/BP_Dummy.BP_Dummy_C NativeClass:/Script/Engine.Character Name:BP_Dummy_C_UAID_D8BBC1D6C472B0F901_2030346098 Label:BP_Dummy3 SpatiallyLoaded:1 Bounds:IsValid=true, Min=(X=547.631 Y=1523.296 Z=96.881), Max=(X=702.701 Y=1685.009 Z=277.514) RuntimeGrid:None EditorOnly:0 RuntimeOnly:0 HLODRelevant:0
 |   |   |- [+] [ 31]
 |   |   |   |- Guid:B1BF4F7740DEDEE8F7CD3B810CA4FA57 BaseClass: NativeClass:/Script/Engine.StaticMeshActor Name:StaticMeshActor_UAID_D8BBC1D6C472B0F901_2030350099 Label:SM_SkySphere2 SpatiallyLoaded:0 Bounds:IsValid=true, Min=(X=-1640040.000 Y=-1638400.000 Z=-1638400.000), Max=(X=1636760.000 Y=1638400.000 Z=1638400.000) RuntimeGrid:None EditorOnly:0 RuntimeOnly:0 HLODRelevant:1 FolderPath:Lighting FolderGuid:963EC3EB4002CCE9759E2EBA541A873A
 |   |   |- [+] [ 32]
 |   |   |   |- Guid:8E326ECE4D422261F168FBAE89AC2325 BaseClass: NativeClass:/Script/Engine.StaticMeshActor Name:StaticMeshActor_UAID_D8BBC1D6C472B0F901_2030350100 Label:SM_Cube7 SpatiallyLoaded:1 Bounds:IsValid=true, Min=(X=390.000 Y=1450.000 Z=-275.000), Max=(X=890.000 Y=1925.000 Z=100.000) RuntimeGrid:None EditorOnly:0 RuntimeOnly:0 HLODRelevant:1 FolderPath:Playground FolderGuid:C73F09FC4215536B1DCE2A9E0A830C70
 |   |   |- [+] [ 33]
 |   |   |   |- Guid:B55FA77E49EB99AE2C4E1FB0B730D300 BaseClass: NativeClass:/Script/Engine.StaticMeshActor Name:StaticMeshActor_UAID_D8BBC1D6C472B0F901_2030352101 Label:SM_Cube12 SpatiallyLoaded:1 Bounds:IsValid=true, Min=(X=460.000 Y=1470.000 Z=90.000), Max=(X=485.000 Y=1795.000 Z=415.000) RuntimeGrid:None EditorOnly:0 RuntimeOnly:0 HLODRelevant:1 FolderPath:Playground FolderGuid:C73F09FC4215536B1DCE2A9E0A830C70
 |   |   |- [+] [ 34]
 |   |   |   |- Guid:33E2EA654D2321DB08B75B9850CB7E7B BaseClass: NativeClass:/Script/Engine.StaticMeshActor Name:StaticMeshActor_5 Label:SM_Cube2 SpatiallyLoaded:1 Bounds:IsValid=true, Min=(X=0.000 Y=0.000 Z=0.000), Max=(X=3000.000 Y=100.000 Z=775.000) RuntimeGrid:None EditorOnly:0 RuntimeOnly:0 HLODRelevant:1 FolderPath:Playground FolderGuid:C73F09FC4215536B1DCE2A9E0A830C70
 |   |   |- [+] [ 35]
 |   |   |   |- Guid:F5AB6978452B670FD77ED5A16CC03A79 BaseClass: NativeClass:/Script/Engine.StaticMeshActor Name:StaticMeshActor_UAID_D8BBC1D6C472B0F901_2030353102 Label:SM_Cube13 SpatiallyLoaded:1 Bounds:IsValid=true, Min=(X=420.000 Y=1400.000 Z=420.000), Max=(X=845.000 Y=1800.000 Z=445.000) RuntimeGrid:None EditorOnly:0 RuntimeOnly:0 HLODRelevant:1 FolderPath:Playground FolderGuid:C73F09FC4215536B1DCE2A9E0A830C70
 |   |   |- [+] [ 36]
 |   |   |   |- Guid:6C1AF01641647D106F0C0AA0B24A3312 BaseClass: NativeClass:/Script/Engine.StaticMeshActor Name:StaticMeshActor_UAID_D8BBC1D6C472B0F901_2030354103 Label:SM_Cube14 SpatiallyLoaded:1 Bounds:IsValid=true, Min=(X=770.000 Y=1470.000 Z=90.000), Max=(X=795.000 Y=1795.000 Z=415.000) RuntimeGrid:None EditorOnly:0 RuntimeOnly:0 HLODRelevant:1 FolderPath:Playground FolderGuid:C73F09FC4215536B1DCE2A9E0A830C70
 |   |   |- [+] [ 37]
 |   |   |   |- Guid:24F04CA34ABFBC96C8E1BDA5A421E556 BaseClass: NativeClass:/Script/Engine.StaticMeshActor Name:StaticMeshActor_UAID_D8BBC1D6C472B0F901_1840752086 Label:SM_Cube11 SpatiallyLoaded:1 Bounds:IsValid=true, Min=(X=2410.000 Y=1470.000 Z=90.000), Max=(X=2435.000 Y=1795.000 Z=415.000) RuntimeGrid:None EditorOnly:0 RuntimeOnly:0 HLODRelevant:1 FolderPath:Playground FolderGuid:C73F09FC4215536B1DCE2A9E0A830C70
 |   |   |- [+] [ 38]
 |   |   |   |- Guid:FF5EC15348ED7E64446BCC9113B2A868 BaseClass: NativeClass:/Script/Engine.StaticMeshActor Name:StaticMeshActor_UAID_D8BBC1D6C472B0F901_1767920085 Label:SM_Cube10 SpatiallyLoaded:1 Bounds:IsValid=true, Min=(X=2060.000 Y=1400.000 Z=420.000), Max=(X=2485.000 Y=1800.000 Z=445.000) RuntimeGrid:None EditorOnly:0 RuntimeOnly:0 HLODRelevant:1 FolderPath:Playground FolderGuid:C73F09FC4215536B1DCE2A9E0A830C70
 |   |   |- [+] [ 39]
 |   |   |   |- Guid:2EF461FB45987D40A3CC9CA1486462B1 BaseClass: NativeClass:/Script/Engine.StaticMeshActor Name:StaticMeshActor_UAID_D8BBC1D6C472B0F901_1746729084 Label:SM_Cube9 SpatiallyLoaded:1 Bounds:IsValid=true, Min=(X=2100.000 Y=1470.000 Z=90.000), Max=(X=2125.000 Y=1795.000 Z=415.000) RuntimeGrid:None EditorOnly:0 RuntimeOnly:0 HLODRelevant:1 FolderPath:Playground FolderGuid:C73F09FC4215536B1DCE2A9E0A830C70
 |   |   |- [+] [ 40]
 |   |   |   |- Guid:99A82B8642EBC02DC9ACF6A021341171 BaseClass: NativeClass:/Script/Engine.StaticMeshActor Name:StaticMeshActor_UAID_D8BBC1D6C472B0F901_1730800083 Label:SM_Cube8 SpatiallyLoaded:1 Bounds:IsValid=true, Min=(X=2120.000 Y=1775.000 Z=100.000), Max=(X=2420.000 Y=1800.000 Z=200.000) RuntimeGrid:None EditorOnly:0 RuntimeOnly:0 HLODRelevant:1 FolderPath:Playground FolderGuid:C73F09FC4215536B1DCE2A9E0A830C70
 |   |   |- [+] [ 41]
 |   |   |   |- Guid:41ED1E034C00DD5A807D1E9AF3570A32 BaseClass: NativeClass:/Script/Engine.PostProcessVolume Name:PostProcessVolume_0 Label:PostProcessVolume SpatiallyLoaded:0 Bounds:IsValid=true, Min=(X=0.000 Y=0.000 Z=400.000), Max=(X=200.000 Y=200.000 Z=600.000) RuntimeGrid:None EditorOnly:0 RuntimeOnly:0 HLODRelevant:0 FolderPath:Lighting FolderGuid:963EC3EB4002CCE9759E2EBA541A873A
 |   |   |- [+] [ 42]
 |   |   |   |- Guid:FBFF9E644F2EC340143A218D9C117C57 BaseClass: NativeClass:/Script/Engine.StaticMeshActor Name:StaticMeshActor_UAID_D8BBC1D6C472B0F901_1575054081 Label:SM_Cube4 SpatiallyLoaded:1 Bounds:IsValid=true, Min=(X=2030.000 Y=1450.000 Z=-275.000), Max=(X=2530.000 Y=1925.000 Z=100.000) RuntimeGrid:None EditorOnly:0 RuntimeOnly:0 HLODRelevant:1 FolderPath:Playground FolderGuid:C73F09FC4215536B1DCE2A9E0A830C70
 |   |   |- [+] [ 43]
 |   |   |   |- Guid:86E091CC4F3B49F527AF7CBADC9F6E5C BaseClass: NativeClass:/Script/Engine.StaticMeshActor Name:StaticMeshActor_33 Label:SM_QuarterCylinder12 SpatiallyLoaded:1 Bounds:IsValid=true, Min=(X=2530.000 Y=420.000 Z=0.000), Max=(X=2730.000 Y=620.000 Z=100.000) RuntimeGrid:None EditorOnly:0 RuntimeOnly:0 HLODRelevant:1 FolderPath:Cylinder FolderGuid:D075E5BA49330D3EC2503D81A7CF88D1
 |   |   |- [+] [ 44]
 |   |   |   |- Guid:0B22B8CE40C2565BCFBA8799511FB8AA BaseClass: NativeClass:/Script/Engine.VolumetricCloud Name:VolumetricCloud_0 Label:VolumetricCloud SpatiallyLoaded:0 Bounds:IsValid=true, Min=(X=0.000 Y=0.000 Z=820.000), Max=(X=0.000 Y=0.000 Z=820.000) RuntimeGrid:None EditorOnly:0 RuntimeOnly:0 HLODRelevant:0 FolderPath:Lighting FolderGuid:963EC3EB4002CCE9759E2EBA541A873A
 |   |   |- [+] [ 45]
 |   |   |   |- Guid:303598434ED6A0C9A6DAE7982EC0FF7C BaseClass: NativeClass:/Script/Engine.StaticMeshActor Name:StaticMeshActor_34 Label:SM_QuarterCylinder13 SpatiallyLoaded:1 Bounds:IsValid=true, Min=(X=2530.000 Y=220.000 Z=0.000), Max=(X=2730.000 Y=420.000 Z=100.000) RuntimeGrid:None EditorOnly:0 RuntimeOnly:0 HLODRelevant:1 FolderPath:Cylinder FolderGuid:D075E5BA49330D3EC2503D81A7CF88D1
 |   |   |- [+] [ 46]
 |   |   |   |- Guid:A84BB85E4EFE0B3A1B82EF85343AD3A0 BaseClass: NativeClass:/Script/Engine.StaticMeshActor Name:StaticMeshActor_32 Label:SM_QuarterCylinder11 SpatiallyLoaded:1 Bounds:IsValid=true, Min=(X=2730.000 Y=420.000 Z=-0.000), Max=(X=2930.000 Y=620.000 Z=100.000) RuntimeGrid:None EditorOnly:0 RuntimeOnly:0 HLODRelevant:1 FolderPath:Cylinder FolderGuid:D075E5BA49330D3EC2503D81A7CF88D1
 |   |   |- [+] [ 47]
 |   |   |   |- Guid:A476CEDE440E54BC856A22BFFA0860FF BaseClass:/Game/BluePrint/BP_Dummy.BP_Dummy_C NativeClass:/Script/Engine.Character Name:BP_Dummy_C_UAID_D8BBC1D6C472B1F901_1586698296 Label:BP_Dummy5 SpatiallyLoaded:1 Bounds:IsValid=true, Min=(X=2647.631 Y=5163.296 Z=196.881), Max=(X=2802.701 Y=5325.009 Z=405.340) RuntimeGrid:None EditorOnly:0 RuntimeOnly:0 HLODRelevant:0
 |   |   |- [+] [ 48]
 |   |   |   |- Guid:AC1274F944E0D2395CC9C3A86AEF97CC BaseClass:/Game/BluePrint/BP_Death_Trigger_2.BP_Death_Trigger_2_C NativeClass:/Script/Engine.Actor Name:BP_Death_Trigger_2_C_UAID_D8BBC1D6C472B1F901_1837097297 Label:BP_Death_Trigger_2 SpatiallyLoaded:1 Bounds:IsValid=true, Min=(X=1738.000 Y=3098.000 Z=8.000), Max=(X=1802.000 Y=3162.000 Z=72.000) RuntimeGrid:None EditorOnly:0 RuntimeOnly:0 HLODRelevant:0
 |- ContainerInstances:
 |- [+] MainContainer:
 |   |-        ID: 0x0000000000000000
 |   |-    Bounds: IsValid=false, Min=(X=0.000 Y=0.000 Z=0.000), Max=(X=0.000 Y=0.000 Z=0.000)
 |   |- Transform: 0.000000,0.000000,0.000000|0.000000,0.000000,-0.000000|1.000000,1.000000,1.000000
 |   |- Container: /Game/ThirdPerson/Maps/ThirdPersonMap_2
----------------------------------------------------------------------------------------------------------------
ThirdPersonMap_2 - Persistent Level
----------------------------------------------------------------------------------------------------------------
Always loaded Actor Count: 61 

----------------------------------------------------------------------------------------------------------------
ThirdPersonMap_2 - Runtime Spatial Hash - Streaming Grid - MainGrid
----------------------------------------------------------------------------------------------------------------
            Origin: X=0.000 Y=0.000 Z=0.000
         Cell Size: 12800
      World Bounds: IsValid=false, Min=(X=0.000 Y=0.000 Z=0.000), Max=(X=0.000 Y=0.000 Z=0.000)
     Loading Range: 25600.00
Block Slow Loading: No
 ClientOnlyVisible: No

[+] Grid Levels: 1
 |- Level  0: Cell Count    0 | Cell Size   12800 | Actor Count    0 (0.0%)

[+] Content of Grid Level 0

